2022-04-19 01:46:46,219 [INFO] app: Before Request
2022-04-19 01:46:46,298 [INFO] app: After Request
2022-04-19 01:46:46,316 [INFO] app: Before Request
2022-04-19 01:46:46,319 [INFO] app: After Request
2022-04-19 01:46:46,325 [INFO] app: Before Request
2022-04-19 01:46:46,395 [INFO] app: After Request
2022-04-19 01:46:46,400 [INFO] app: Before Request
2022-04-19 01:46:46,410 [INFO] app: After Request
2022-04-19 01:46:46,569 [INFO] app: Before Request
2022-04-19 01:46:46,644 [INFO] app: After Request
2022-04-19 01:46:46,687 [INFO] app: Before Request
2022-04-19 01:46:46,749 [INFO] app: After Request
2022-04-19 01:46:46,773 [INFO] app: Before Request
2022-04-19 01:46:46,829 [INFO] app: After Request
2022-04-19 01:46:46,846 [INFO] app: Before Request
2022-04-19 01:46:46,905 [INFO] app: After Request
2022-04-19 01:46:46,924 [INFO] app: Before Request
2022-04-19 01:46:46,981 [INFO] app: After Request
2022-04-19 01:46:46,997 [INFO] app: Before Request
2022-04-19 01:46:47,056 [INFO] app: After Request
2022-04-19 01:46:47,075 [INFO] app: Before Request
2022-04-19 01:46:47,138 [INFO] app: After Request
2022-04-19 01:46:47,155 [INFO] app: Before Request
2022-04-19 01:46:47,216 [INFO] app: After Request
2022-04-19 01:48:36,875 [INFO] app: Before Request
2022-04-19 01:48:36,935 [INFO] app: After Request
2022-04-19 01:48:36,954 [INFO] app: Before Request
2022-04-19 01:48:36,956 [INFO] app: After Request
2022-04-19 01:48:36,959 [INFO] app: Before Request
2022-04-19 01:48:37,026 [INFO] app: After Request
2022-04-19 01:48:37,031 [INFO] app: Before Request
2022-04-19 01:48:37,038 [INFO] app: After Request
2022-04-19 01:48:37,092 [INFO] app: Before Request
2022-04-19 01:48:37,152 [INFO] app: After Request
2022-04-19 01:48:37,170 [INFO] app: Before Request
2022-04-19 01:48:37,231 [INFO] app: After Request
2022-04-19 01:48:37,248 [INFO] app: Before Request
2022-04-19 01:48:37,306 [INFO] app: After Request
2022-04-19 01:48:37,330 [INFO] app: Before Request
2022-04-19 01:48:37,388 [INFO] app: After Request
2022-04-19 01:48:37,406 [INFO] app: Before Request
2022-04-19 01:48:37,465 [INFO] app: After Request
2022-04-19 01:48:37,483 [INFO] app: Before Request
2022-04-19 01:48:37,541 [INFO] app: After Request
2022-04-19 01:48:37,559 [INFO] app: Before Request
2022-04-19 01:48:37,617 [INFO] app: After Request
2022-04-19 01:48:37,635 [INFO] app: Before Request
2022-04-19 01:48:37,691 [INFO] app: After Request
2022-04-19 02:09:55,702 [INFO] app: Before Request
2022-04-19 02:09:55,760 [INFO] app: After Request
2022-04-19 02:09:55,778 [INFO] app: Before Request
2022-04-19 02:09:55,780 [INFO] app: After Request
2022-04-19 02:09:55,784 [INFO] app: Before Request
2022-04-19 02:09:55,852 [INFO] app: After Request
2022-04-19 02:09:55,857 [INFO] app: Before Request
2022-04-19 02:09:55,864 [INFO] app: After Request
2022-04-19 02:09:55,922 [INFO] app: Before Request
2022-04-19 02:09:55,985 [INFO] app: After Request
2022-04-19 02:09:56,004 [INFO] app: Before Request
2022-04-19 02:09:56,061 [INFO] app: After Request
2022-04-19 02:09:56,083 [INFO] app: Before Request
2022-04-19 02:09:56,146 [INFO] app: After Request
2022-04-19 02:09:56,167 [INFO] app: Before Request
2022-04-19 02:09:56,224 [INFO] app: After Request
2022-04-19 02:09:56,242 [INFO] app: Before Request
2022-04-19 02:09:56,307 [INFO] app: After Request
2022-04-19 02:09:56,324 [INFO] app: Before Request
2022-04-19 02:09:56,388 [INFO] app: After Request
2022-04-19 02:09:56,408 [INFO] app: Before Request
2022-04-19 02:09:56,465 [INFO] app: After Request
2022-04-19 02:09:56,484 [INFO] app: Before Request
2022-04-19 02:09:56,540 [INFO] app: After Request
2022-04-19 02:32:13,330 [INFO] app: Before Request
2022-04-19 02:32:13,442 [INFO] app: After Request
2022-04-19 02:32:13,776 [INFO] app: Before Request
2022-04-19 02:32:15,889 [INFO] app: Before Request
2022-04-19 02:32:15,927 [INFO] app: After Request
2022-04-19 02:32:16,503 [INFO] app: Before Request
2022-04-19 02:32:16,520 [INFO] app: After Request
2022-04-19 02:32:17,240 [INFO] app: Before Request
2022-04-19 02:32:17,271 [INFO] app: After Request
2022-04-19 02:32:17,891 [INFO] app: Before Request
2022-04-19 02:32:17,908 [INFO] app: After Request
2022-04-19 02:32:19,140 [INFO] app: Before Request
2022-04-19 02:32:19,181 [INFO] app: After Request
2022-04-19 02:32:19,755 [INFO] app: Before Request
2022-04-19 02:32:19,797 [INFO] app: After Request
2022-04-19 02:32:20,894 [INFO] app: Before Request
2022-04-19 02:32:20,906 [INFO] app: After Request
2022-04-19 02:35:51,943 [INFO] app: Before Request
2022-04-19 02:35:51,983 [INFO] app: After Request
2022-04-19 02:35:53,310 [INFO] app: Before Request
2022-04-19 02:35:53,328 [INFO] app: After Request
2022-04-19 02:35:53,642 [INFO] app: Before Request
2022-04-19 02:35:53,658 [INFO] app: After Request
2022-04-19 02:35:54,708 [INFO] app: Before Request
2022-04-19 02:35:54,722 [INFO] app: After Request
2022-04-19 02:35:55,257 [INFO] app: Before Request
2022-04-19 02:35:55,273 [INFO] app: After Request
2022-04-19 02:35:56,360 [INFO] app: Before Request
2022-04-19 02:35:56,391 [INFO] app: After Request
2022-04-19 02:35:56,927 [INFO] app: Before Request
2022-04-19 02:35:56,954 [INFO] app: After Request
2022-04-19 14:38:15,985 [INFO] app: Before Request
2022-04-19 14:38:16,080 [INFO] app: After Request
2022-04-19 14:38:21,077 [INFO] app: Before Request
2022-04-19 14:38:21,117 [INFO] app: After Request
2022-04-19 14:38:22,746 [INFO] app: Before Request
2022-04-19 14:38:22,784 [INFO] app: After Request
2022-04-19 14:38:24,495 [INFO] app: Before Request
2022-04-19 14:38:24,534 [INFO] app: After Request
2022-04-19 14:39:06,869 [INFO] app: Before Request
2022-04-19 14:39:06,919 [INFO] app: After Request
2022-04-19 14:39:08,709 [INFO] app: Before Request
2022-04-19 14:39:08,724 [INFO] app: After Request
2022-04-19 14:39:10,032 [INFO] app: Before Request
2022-04-19 14:39:10,052 [INFO] app: After Request
2022-04-19 14:39:10,815 [INFO] app: Before Request
2022-04-19 14:39:10,835 [INFO] app: After Request
2022-04-19 14:39:23,843 [INFO] app: Before Request
2022-04-19 14:39:23,870 [INFO] app: After Request
2022-04-19 14:39:25,096 [INFO] app: Before Request
2022-04-19 14:39:25,122 [INFO] app: After Request
2022-04-19 14:39:25,796 [INFO] app: Before Request
2022-04-19 14:39:25,814 [INFO] app: After Request
2022-04-19 14:39:26,226 [INFO] app: Before Request
2022-04-19 14:39:26,241 [INFO] app: After Request
2022-04-19 14:39:50,973 [INFO] app: Before Request
2022-04-19 14:39:50,996 [INFO] app: After Request
2022-04-19 14:39:52,664 [INFO] app: Before Request
2022-04-19 14:39:52,681 [INFO] app: After Request
2022-04-19 14:39:54,575 [INFO] app: Before Request
2022-04-19 14:39:54,593 [INFO] app: After Request
2022-04-19 14:40:05,950 [INFO] app: Before Request
2022-04-19 14:40:05,975 [INFO] app: After Request
2022-04-19 14:40:07,868 [INFO] app: Before Request
2022-04-19 14:40:07,883 [INFO] app: After Request
2022-04-19 15:38:59,442 [DEBUG] mydebugs: Debug Logger
2022-04-19 15:38:59,444 [INFO] mydebugs: My App Logger
2022-04-19 15:38:59,445 [INFO] myrequests: Request Logger
2022-04-19 15:38:59,447 [DEBUG] myrequests: Debug Logger
2022-04-19 15:38:59,449 [INFO] dianasApp: Request Logger
2022-04-19 15:38:59,451 [DEBUG] dianasApp: Debug Logger
2022-04-19 15:38:59,457 [INFO] app: Before Request
2022-04-19 15:38:59,460 [DEBUG] mydebugs: Debug Logger
2022-04-19 15:38:59,461 [INFO] myrequests: Request Logger
2022-04-19 15:38:59,552 [INFO] app: After Request
2022-04-19 16:38:00,227 [INFO] app: Before Request
2022-04-19 16:38:00,302 [INFO] app: After Request
2022-04-19 16:38:02,765 [INFO] app: Before Request
2022-04-19 16:38:02,811 [INFO] app: After Request
2022-04-19 16:38:04,882 [INFO] app: Before Request
2022-04-19 16:38:04,919 [INFO] app: After Request
2022-04-19 16:38:05,581 [INFO] app: Before Request
2022-04-19 16:38:05,618 [INFO] app: After Request
2022-04-19 16:38:06,613 [INFO] app: Before Request
2022-04-19 16:38:06,650 [INFO] app: After Request
2022-04-19 16:38:17,915 [INFO] app: Before Request
2022-04-19 16:38:17,941 [INFO] app: After Request
2022-04-19 16:38:25,562 [INFO] app: Before Request
2022-04-19 16:38:25,640 [INFO] app: After Request
2022-04-19 16:38:25,654 [INFO] app: Before Request
2022-04-19 16:38:25,664 [INFO] app: After Request
2022-04-19 16:38:36,800 [INFO] app: Before Request
2022-04-19 16:38:36,847 [INFO] app: After Request
2022-04-19 16:38:36,867 [INFO] app: Before Request
2022-04-19 16:38:36,876 [INFO] app: After Request
2022-04-19 19:44:22,917 [INFO] app: Before Request
2022-04-19 19:44:22,992 [INFO] app: After Request
2022-04-19 19:44:24,448 [INFO] app: Before Request
2022-04-19 19:44:24,474 [INFO] app: After Request
2022-04-19 19:44:25,398 [INFO] app: Before Request
2022-04-19 19:44:25,433 [INFO] app: After Request
2022-04-19 19:44:26,065 [INFO] app: Before Request
2022-04-19 19:44:26,102 [INFO] app: After Request
2022-04-19 19:44:26,681 [INFO] app: Before Request
2022-04-19 19:44:26,710 [INFO] app: After Request
2022-04-19 19:44:27,229 [INFO] app: Before Request
2022-04-19 19:44:27,255 [INFO] app: After Request
2022-04-19 19:44:27,666 [INFO] app: Before Request
2022-04-19 19:44:27,692 [INFO] app: After Request
2022-04-19 19:44:58,139 [INFO] app: Before Request
2022-04-19 19:44:58,197 [INFO] app: After Request
2022-04-19 19:45:14,700 [INFO] app: Before Request
2022-04-19 19:45:14,723 [INFO] app: After Request
2022-04-19 19:45:29,693 [INFO] app: Before Request
2022-04-19 19:45:29,895 [INFO] app: After Request
2022-04-19 19:45:29,907 [INFO] app: Before Request
2022-04-19 19:45:29,916 [INFO] app: After Request
2022-04-19 19:45:40,047 [INFO] app: Before Request
2022-04-19 19:45:40,197 [INFO] app: After Request
2022-04-19 19:45:40,215 [INFO] app: Before Request
2022-04-19 19:45:40,238 [INFO] app: After Request
2022-04-19 19:47:34,250 [INFO] app: Before Request
2022-04-19 19:47:34,319 [INFO] app: After Request
2022-04-19 19:47:34,330 [INFO] app: Before Request
2022-04-19 19:47:34,337 [INFO] app: After Request
2022-04-19 19:47:40,650 [INFO] app: Before Request
2022-04-19 19:47:40,686 [INFO] app: After Request
2022-04-19 19:47:41,847 [INFO] app: Before Request
2022-04-19 19:47:41,877 [INFO] app: After Request
2022-04-19 19:47:42,464 [INFO] app: Before Request
2022-04-19 19:47:42,485 [INFO] app: After Request
2022-04-19 19:47:43,063 [INFO] app: Before Request
2022-04-19 19:47:43,089 [INFO] app: After Request
2022-04-19 19:47:44,164 [INFO] app: Before Request
2022-04-19 19:47:44,200 [INFO] app: After Request
2022-04-19 19:48:29,233 [INFO] app: Before Request
2022-04-19 19:48:29,389 [INFO] app: After Request
2022-04-19 19:48:29,405 [INFO] app: Before Request
2022-04-19 19:48:29,413 [INFO] app: After Request
2022-04-19 19:48:41,508 [INFO] app: Before Request
2022-04-19 19:48:41,656 [INFO] app: After Request
2022-04-19 19:48:41,669 [INFO] app: Before Request
2022-04-19 19:48:41,685 [INFO] app: After Request
2022-04-19 19:49:27,628 [INFO] app: Before Request
2022-04-19 19:49:27,722 [INFO] app: After Request
2022-04-19 19:49:27,734 [INFO] app: Before Request
2022-04-19 19:49:27,742 [INFO] app: After Request
2022-04-19 19:49:32,409 [INFO] app: Before Request
2022-04-19 19:49:32,465 [INFO] app: After Request
2022-04-19 19:49:32,484 [INFO] app: Before Request
2022-04-19 19:49:32,492 [INFO] app: After Request
2022-04-19 19:49:36,626 [INFO] app: Before Request
2022-04-19 19:49:36,733 [INFO] app: After Request
2022-04-19 19:49:36,794 [INFO] app: Before Request
2022-04-19 19:49:36,801 [INFO] app: After Request
2022-04-19 19:50:19,851 [INFO] app: Before Request
2022-04-19 19:50:19,877 [INFO] app: After Request
2022-04-19 19:50:33,318 [INFO] app: Before Request
2022-04-19 19:50:33,345 [INFO] app: After Request
2022-04-19 19:50:33,678 [INFO] app: Before Request
2022-04-19 19:50:36,228 [INFO] app: Before Request
2022-04-19 19:50:36,257 [INFO] app: After Request
2022-04-19 19:50:36,520 [INFO] app: Before Request
2022-04-19 19:50:36,543 [INFO] app: After Request
2022-04-19 19:50:36,845 [INFO] app: Before Request
2022-04-19 19:50:36,873 [INFO] app: After Request
2022-04-19 19:50:37,160 [INFO] app: Before Request
2022-04-19 19:50:37,191 [INFO] app: After Request
2022-04-19 19:50:37,777 [INFO] app: Before Request
2022-04-19 19:50:37,810 [INFO] app: After Request
